camTest/build/outputs/logs/manifest-merger-debug-report.txt
-- Merging decision tree log ---
manifest
ADDED from AndroidManifest.xml:2:1
	xmlns:android
		ADDED from AndroidManifest.xml:2:11
	package
		ADDED from AndroidManifest.xml:3:5
		INJECTED from AndroidManifest.xml:0:0
		INJECTED from AndroidManifest.xml:0:0
	android:versionName
		ADDED from AndroidManifest.xml:5:5
	android:versionCode
		ADDED from AndroidManifest.xml:4:5
		INJECTED from AndroidManifest.xml:0:0
		INJECTED from AndroidManifest.xml:0:0
uses-sdk
ADDED from AndroidManifest.xml:7:5
MERGED from CamTest:aviarySDK:unspecified:5:5
MERGED from com.android.support:appcompat-v7:20.0.0:16:5
MERGED from com.android.support:support-v4:20.0.0:16:5
MERGED from com.android.support:appcompat-v7:20.0.0:16:5
MERGED from com.android.support:support-v4:20.0.0:16:5
MERGED from com.android.support:appcompat-v7:20.0.0:16:5
MERGED from com.android.support:support-v4:20.0.0:16:5
	android:targetSdkVersion
		ADDED from AndroidManifest.xml:9:9
		INJECTED from AndroidManifest.xml:0:0
		INJECTED from AndroidManifest.xml:0:0
	android:minSdkVersion
		ADDED from AndroidManifest.xml:8:9
		INJECTED from AndroidManifest.xml:0:0
		INJECTED from AndroidManifest.xml:0:0
uses-feature#android.hardware.camera
ADDED from AndroidManifest.xml:11:5
	android:name
		ADDED from AndroidManifest.xml:11:19
uses-permission#android.permission.CAMERA
ADDED from AndroidManifest.xml:13:5
	android:name
		ADDED from AndroidManifest.xml:13:22
uses-permission#android.hardware.camera.autofocus
ADDED from AndroidManifest.xml:14:5
	android:name
		ADDED from AndroidManifest.xml:14:22
uses-permission#android.permission.RECORD_AUDIO
ADDED from AndroidManifest.xml:15:5
	android:name
		ADDED from AndroidManifest.xml:15:22
uses-permission#android.permission.WRITE_EXTERNAL_STORAGE
ADDED from AndroidManifest.xml:16:5
MERGED from CamTest:aviarySDK:unspecified:18:5
	android:name
		ADDED from AndroidManifest.xml:16:22
uses-permission#android.permission.INTERNET
ADDED from AndroidManifest.xml:17:5
MERGED from CamTest:aviarySDK:unspecified:17:5
	android:name
		ADDED from AndroidManifest.xml:17:22
uses-permission#android.permission.VIBRATE
ADDED from AndroidManifest.xml:18:5
	android:name
		ADDED from AndroidManifest.xml:18:22
application
ADDED from AndroidManifest.xml:20:5
MERGED from CamTest:aviarySDK:unspecified:25:5
MERGED from CamTest:horizontalListView:unspecified:6:5
MERGED from com.android.support:appcompat-v7:20.0.0:17:5
MERGED from com.android.support:support-v4:20.0.0:17:5
MERGED from CamTest:tooltipLibrary:unspecified:6:5
MERGED from com.android.support:appcompat-v7:20.0.0:17:5
MERGED from com.android.support:support-v4:20.0.0:17:5
MERGED from com.android.support:appcompat-v7:20.0.0:17:5
MERGED from com.android.support:support-v4:20.0.0:17:5
	android:label
		ADDED from AndroidManifest.xml:23:9
	android:allowBackup
		ADDED from AndroidManifest.xml:21:9
	android:icon
		ADDED from AndroidManifest.xml:22:9
	android:theme
		ADDED from AndroidManifest.xml:25:9
	android:largeHeap
		ADDED from AndroidManifest.xml:24:9
activity#com.remedeo.remedeoapp.activities.MainActivity
ADDED from AndroidManifest.xml:26:9
	android:screenOrientation
		ADDED from AndroidManifest.xml:29:13
	android:label
		ADDED from AndroidManifest.xml:28:13
	android:name
		ADDED from AndroidManifest.xml:27:13
intent-filter#android.intent.action.MAIN+android.intent.category.LAUNCHER
ADDED from AndroidManifest.xml:30:13
action#android.intent.action.MAIN
ADDED from AndroidManifest.xml:31:17
	android:name
		ADDED from AndroidManifest.xml:31:25
category#android.intent.category.LAUNCHER
ADDED from AndroidManifest.xml:33:17
	android:name
		ADDED from AndroidManifest.xml:33:27
activity#com.remedeo.remedeoapp.activities.GridViewActivity
ADDED from AndroidManifest.xml:36:9
	android:screenOrientation
		ADDED from AndroidManifest.xml:38:13
	android:name
		ADDED from AndroidManifest.xml:37:13
activity#com.remedeo.remedeoapp.activities.FullImageActivity
ADDED from AndroidManifest.xml:40:9
	android:screenOrientation
		ADDED from AndroidManifest.xml:42:13
	android:theme
		ADDED from AndroidManifest.xml:43:13
	android:name
		ADDED from AndroidManifest.xml:41:13
activity#com.remedeo.remedeoapp.activities.TakePicActivity
ADDED from AndroidManifest.xml:45:9
	android:screenOrientation
		ADDED from AndroidManifest.xml:47:13
	android:theme
		ADDED from AndroidManifest.xml:48:13
	android:name
		ADDED from AndroidManifest.xml:46:13
activity#com.aviary.android.feather.sdk.FeatherActivity
ADDED from AndroidManifest.xml:50:9
	android:screenOrientation
		ADDED from AndroidManifest.xml:56:13
	android:configChanges
		ADDED from AndroidManifest.xml:52:13
	android:theme
		ADDED from AndroidManifest.xml:57:13
	android:hardwareAccelerated
		ADDED from AndroidManifest.xml:53:13
	android:process
		ADDED from AndroidManifest.xml:55:13
	android:largeHeap
		ADDED from AndroidManifest.xml:54:13
	android:name
		ADDED from AndroidManifest.xml:51:13
service#com.aviary.android.feather.cds.AviaryCdsService
ADDED from AndroidManifest.xml:59:9
	android:process
		ADDED from AndroidManifest.xml:62:13
	android:exported
		ADDED from AndroidManifest.xml:61:13
	android:name
		ADDED from AndroidManifest.xml:60:13
intent-filter#aviary.intent.action.CDS_DOWNLOAD_START+aviary.intent.action.CDS_RESTORE_USER_ITEMS
ADDED from AndroidManifest.xml:63:13
action#aviary.intent.action.CDS_DOWNLOAD_START
ADDED from AndroidManifest.xml:64:17
	android:name
		ADDED from AndroidManifest.xml:64:25
action#aviary.intent.action.CDS_RESTORE_USER_ITEMS
ADDED from AndroidManifest.xml:65:17
	android:name
		ADDED from AndroidManifest.xml:65:25
provider#com.aviary.android.feather.cds.AviaryCdsProvider
ADDED from AndroidManifest.xml:69:9
	android:syncable
		ADDED from AndroidManifest.xml:74:13
	android:process
		ADDED from AndroidManifest.xml:73:13
	android:exported
		ADDED from AndroidManifest.xml:72:13
	android:authorities
		ADDED from AndroidManifest.xml:71:13
	android:name
		ADDED from AndroidManifest.xml:70:13
receiver#com.aviary.android.feather.cds.AviaryCdsReceiver
ADDED from AndroidManifest.xml:76:9
	android:process
		ADDED from AndroidManifest.xml:78:13
	android:name
		ADDED from AndroidManifest.xml:77:13
intent-filter#android.intent.action.DOWNLOAD_COMPLETE
ADDED from AndroidManifest.xml:79:13
action#android.intent.action.DOWNLOAD_COMPLETE
ADDED from AndroidManifest.xml:80:17
	android:name
		ADDED from AndroidManifest.xml:80:25
meta-data#com.aviary.android.feather.v1.API_KEY
ADDED from AndroidManifest.xml:98:9
	android:name
		ADDED from AndroidManifest.xml:99:13
	android:value
		ADDED from AndroidManifest.xml:100:13
activity#com.remedeo.remedeoapp.activities.RGBActivity
ADDED from AndroidManifest.xml:102:9
	android:screenOrientation
		ADDED from AndroidManifest.xml:105:13
	android:label
		ADDED from AndroidManifest.xml:104:13
	android:name
		ADDED from AndroidManifest.xml:103:13
meta-data#com.crashlytics.ApiKey
ADDED from AndroidManifest.xml:108:9
	android:name
		ADDED from AndroidManifest.xml:109:13
	android:value
		ADDED from AndroidManifest.xml:110:13
activity#com.remedeo.remedeoapp.activities.PDFViewActivity
ADDED from AndroidManifest.xml:112:9
	android:screenOrientation
		ADDED from AndroidManifest.xml:115:13
	android:label
		ADDED from AndroidManifest.xml:114:13
	android:name
		ADDED from AndroidManifest.xml:113:13
activity#com.remedeo.remedeoapp.activities.FullVideoActivity
ADDED from AndroidManifest.xml:117:9
	android:label
		ADDED from AndroidManifest.xml:119:13
	android:name
		ADDED from AndroidManifest.xml:118:13
activity#com.remedeo.remedeoapp.activities.DisplayDirectoriesActivity
ADDED from AndroidManifest.xml:121:9
	android:screenOrientation
		ADDED from AndroidManifest.xml:124:13
	android:label
		ADDED from AndroidManifest.xml:123:13
	android:name
		ADDED from AndroidManifest.xml:122:13
activity#com.remedeo.remedeoapp.activities.AngleActivity
ADDED from AndroidManifest.xml:126:9
	android:screenOrientation
		ADDED from AndroidManifest.xml:128:13
	android:name
		ADDED from AndroidManifest.xml:127:13
activity#com.remedeo.remedeoapp.activities.CameraActivity
ADDED from AndroidManifest.xml:130:9
	android:label
		ADDED from AndroidManifest.xml:132:13
	android:name
		ADDED from AndroidManifest.xml:131:13
activity#com.remedeo.remedeoapp.activities.AdminActivity
ADDED from AndroidManifest.xml:134:9
	android:screenOrientation
		ADDED from AndroidManifest.xml:137:13
	android:label
		ADDED from AndroidManifest.xml:136:13
	android:name
		ADDED from AndroidManifest.xml:135:13
supports-screens
ADDED from CamTest:aviarySDK:unspecified:10:5
	android:largeScreens
		ADDED from CamTest:aviarySDK:unspecified:11:9
	android:normalScreens
		ADDED from CamTest:aviarySDK:unspecified:12:9
	android:xlargeScreens
		ADDED from CamTest:aviarySDK:unspecified:14:9
	android:smallScreens
		ADDED from CamTest:aviarySDK:unspecified:13:9
uses-permission#android.permission.READ_EXTERNAL_STORAGE
ADDED from CamTest:aviarySDK:unspecified:19:5
	android:name
		ADDED from CamTest:aviarySDK:unspecified:19:22
android:uses-permission#android.permission.READ_PHONE_STATE
IMPLIED from AndroidManifest.xml:2:1 reason: it.sephiroth.android.library has a targetSdkVersion < 4